Log of major revisions for prod scripts, newest -> oldest

Script:
Revision:
Change:

Script: bin/setRedshift.sh
Revision: 20260419
Change: Added env bash

Script: bin/configureUFW.sh
Revision: 20260419
Change: Added env bash

Script: bin/runClamscan.sh
Revision: 20260419
Change: Moved bin/clamscan.sh to bin/runClamscan.sh. Added env bash

Script: bin/systemBackup.sh
Revision: 20260419
Change: Added env bash. Added more formatting.

Script: templates/skeleton.sh
Revision: 20260414
Change: Updated formatting, added env for bash

Script: .vimrc
Revision: 20260324
Change: Rearranged ycm configs to be by each other. Moved vim plug to top of vimrc.

Script: .zshrc
Revision: 20260324
Change: Added autocorrect, reworked history, reworked autocd/directory navigation, Added prefix history search and adjusted terminal title and autocomplete.

Script: bin/configureUFW.sh
Revision: 20260228
Change: Initial commit

Script: templates/skeleton.sh
Revision: 20260228
Change: Added 1 to generic exit error

Script: templates/skeleton.sh
Revision: 20260225
Change: Added optional set flags

Script: bin/clamscan.sh
Revision: 20260201
Change: Added set -e flag

Script: templates/skeleton.sh
Revision: 20260201
Change: Added set -e flag

Script: bin/systemBackup.sh
Revision: 20260201
Change: Added set -e flag
